<?xml version="1.0" ?>
<!DOCTYPE coverage SYSTEM "http://cobertura.sourceforge.net/xml/coverage-04.dtd">
<coverage lines-valid="36" lines-covered="34" line-rate="0.9444" branches-valid="20" branches-covered="18" branch-rate="0.9" timestamp="1594377909085" complexity="0" version="0.1">
  <sources>
    <source>/Users/kevinalwell/Desktop/solutions_engineering/twitch/node-calculator</source>
  </sources>
  <packages>
    <package name="node-calculator" line-rate="0.9" branch-rate="0.75">
      <classes>
        <class name="server.js" filename="server.js" line-rate="0.9" branch-rate="0.75">
          <methods>
          </methods>
          <lines>
            <line number="1" hits="1" branch="false"/>
            <line number="2" hits="1" branch="false"/>
            <line number="4" hits="1" branch="true" condition-coverage="100% (2/2)"/>
            <line number="6" hits="1" branch="false"/>
            <line number="8" hits="1" branch="false"/>
            <line number="9" hits="1" branch="false"/>
            <line number="11" hits="1" branch="true" condition-coverage="50% (1/2)"/>
            <line number="12" hits="0" branch="false"/>
            <line number="15" hits="1" branch="false"/>
            <line number="17" hits="1" branch="false"/>
          </lines>
        </class>
      </classes>
    </package>
    <package name="node-calculator.api" line-rate="1" branch-rate="1">
      <classes>
        <class name="routes.js" filename="api/routes.js" line-rate="1" branch-rate="1">
          <methods>
            <method name="(anonymous_0)" hits="1" signature="()V">
              <lines>
                <line number="1" hits="1"/>
              </lines>
            </method>
          </methods>
          <lines>
            <line number="1" hits="1" branch="false"/>
            <line number="2" hits="1" branch="false"/>
            <line number="4" hits="1" branch="false"/>
          </lines>
        </class>
      </classes>
    </package>
    <package name="node-calculator.api.controllers" line-rate="0.9565" branch-rate="0.9375">
      <classes>
        <class name="arithmeticController.js" filename="api/controllers/arithmeticController.js" line-rate="0.9565" branch-rate="0.9375">
          <methods>
            <method name="(anonymous_0)" hits="30" signature="()V">
              <lines>
                <line number="3" hits="30"/>
              </lines>
            </method>
            <method name="(anonymous_1)" hits="6" signature="()V">
              <lines>
                <line number="4" hits="6"/>
              </lines>
            </method>
            <method name="(anonymous_2)" hits="7" signature="()V">
              <lines>
                <line number="14" hits="7"/>
              </lines>
            </method>
            <method name="(anonymous_3)" hits="4" signature="()V">
              <lines>
                <line number="15" hits="4"/>
              </lines>
            </method>
            <method name="(anonymous_4)" hits="6" signature="()V">
              <lines>
                <line number="16" hits="6"/>
              </lines>
            </method>
            <method name="(anonymous_5)" hits="7" signature="()V">
              <lines>
                <line number="17" hits="7"/>
              </lines>
            </method>
          </methods>
          <lines>
            <line number="3" hits="1" branch="false"/>
            <line number="4" hits="30" branch="false"/>
            <line number="5" hits="6" branch="true" condition-coverage="50% (1/2)"/>
            <line number="6" hits="0" branch="false"/>
            <line number="9" hits="6" branch="false"/>
            <line number="10" hits="6" branch="false"/>
            <line number="13" hits="30" branch="false"/>
            <line number="14" hits="7" branch="false"/>
            <line number="15" hits="4" branch="false"/>
            <line number="16" hits="6" branch="false"/>
            <line number="17" hits="7" branch="false"/>
            <line number="22" hits="30" branch="true" condition-coverage="100% (2/2)"/>
            <line number="23" hits="1" branch="false"/>
            <line number="26" hits="29" branch="false"/>
            <line number="28" hits="29" branch="true" condition-coverage="100% (2/2)"/>
            <line number="29" hits="1" branch="false"/>
            <line number="34" hits="28" branch="true" condition-coverage="100% (5/5)"/>
            <line number="37" hits="3" branch="false"/>
            <line number="40" hits="25" branch="true" condition-coverage="100% (5/5)"/>
            <line number="43" hits="1" branch="false"/>
            <line number="46" hits="24" branch="false"/>
            <line number="47" hits="24" branch="false"/>
            <line number="49" hits="24" branch="false"/>
          </lines>
        </class>
      </classes>
    </package>
  </packages>
</coverage>
